{"/Users/hemangchoudhary/Desktop/node/jest/7.js": {"path":"/Users/hemangchoudhary/Desktop/node/jest/7.js","statementMap":{"0":{"start":{"line":1,"column":15},"end":{"line":7,"column":1}},"1":{"start":{"line":10,"column":0},"end":{"line":36,"column":1}},"2":{"start":{"line":13,"column":8},"end":{"line":18,"column":41}},"3":{"start":{"line":14,"column":10},"end":{"line":14,"column":31}},"4":{"start":{"line":15,"column":8},"end":{"line":15,"column":42}},"5":{"start":{"line":18,"column":12},"end":{"line":18,"column":41}},"6":{"start":{"line":22,"column":16},"end":{"line":22,"column":17}},"7":{"start":{"line":23,"column":5},"end":{"line":30,"column":6}},"8":{"start":{"line":25,"column":9},"end":{"line":28,"column":10}},"9":{"start":{"line":27,"column":13},"end":{"line":27,"column":22}},"10":{"start":{"line":31,"column":8},"end":{"line":34,"column":31}},"11":{"start":{"line":32,"column":12},"end":{"line":32,"column":33}},"12":{"start":{"line":34,"column":12},"end":{"line":34,"column":31}},"13":{"start":{"line":38,"column":0},"end":{"line":38,"column":27}}},"fnMap":{"0":{"name":"(anonymous_0)","decl":{"start":{"line":11,"column":15},"end":{"line":11,"column":16}},"loc":{"start":{"line":12,"column":0},"end":{"line":19,"column":1}},"line":12},"1":{"name":"(anonymous_1)","decl":{"start":{"line":20,"column":12},"end":{"line":20,"column":13}},"loc":{"start":{"line":21,"column":0},"end":{"line":35,"column":2}},"line":21},"2":{"name":"(anonymous_2)","decl":{"start":{"line":23,"column":22},"end":{"line":23,"column":23}},"loc":{"start":{"line":24,"column":5},"end":{"line":29,"column":6}},"line":24}},"branchMap":{"0":{"loc":{"start":{"line":13,"column":8},"end":{"line":18,"column":41}},"type":"if","locations":[{"start":{"line":13,"column":8},"end":{"line":18,"column":41}},{"start":{"line":18,"column":12},"end":{"line":18,"column":41}}],"line":13},"1":{"loc":{"start":{"line":25,"column":9},"end":{"line":28,"column":10}},"type":"if","locations":[{"start":{"line":25,"column":9},"end":{"line":28,"column":10}},{"start":{},"end":{}}],"line":25},"2":{"loc":{"start":{"line":25,"column":12},"end":{"line":25,"column":46}},"type":"binary-expr","locations":[{"start":{"line":25,"column":13},"end":{"line":25,"column":26}},{"start":{"line":25,"column":32},"end":{"line":25,"column":45}}],"line":25},"3":{"loc":{"start":{"line":31,"column":8},"end":{"line":34,"column":31}},"type":"if","locations":[{"start":{"line":31,"column":8},"end":{"line":34,"column":31}},{"start":{"line":34,"column":12},"end":{"line":34,"column":31}}],"line":31}},"s":{"0":1,"1":1,"2":2,"3":2,"4":2,"5":0,"6":2,"7":2,"8":6,"9":1,"10":2,"11":1,"12":1,"13":1},"f":{"0":2,"1":2,"2":6},"b":{"0":[2,0],"1":[1,5],"2":[6,2],"3":[1,1]},"_coverageSchema":"1a1c01bbd47fc00a2c39e90264f33305004495a9","hash":"c05a7190106598a1c6c9c27851947306a017f466"}
}
